# JRE version: OpenJDK Runtime Environment (8.0_252-b09) (build 1.8.0_252-8u252-b09-1~18.04-b09)
# Java VM: OpenJDK 64-Bit Server VM (25.252-b09 mixed mode linux-amd64 compressed oops)
Heap:
 PSYoungGen      total 780800K, used 25336K [0x0000000758900000, 0x0000000796380000, 0x00000007c0000000)
  eden space 743936K, 0% used [0x0000000758900000,0x00000007589f7fe0,0x0000000785f80000)
  from space 36864K, 66% used [0x0000000785f80000,0x0000000787746360,0x0000000788380000)
  to   space 37888K, 0% used [0x0000000793e80000,0x0000000793e80000,0x0000000796380000)
 ParOldGen       total 202752K, used 78706K [0x0000000689a00000, 0x0000000696000000, 0x0000000758900000)
  object space 202752K, 38% used [0x0000000689a00000,0x000000068e6dc960,0x0000000696000000)
 Metaspace       used 89031K, capacity 92898K, committed 93136K, reserved 1130496K
  class space    used 12016K, capacity 12682K, committed 12800K, reserved 1048576K
GC Heap History (10 events):
Event: 10.137 GC heap before
{Heap before GC invocations=12 (full 2):
 PSYoungGen      total 453120K, used 191327K [0x0000000758900000, 0x000000077ee80000, 0x00000007c0000000)
  eden space 436224K, 39% used [0x0000000758900000,0x000000076335dad0,0x0000000773300000)
  from space 16896K, 99% used [0x0000000773300000,0x000000077437a340,0x0000000774380000)
  to   space 21504K, 0% used [0x000000077d980000,0x000000077d980000,0x000000077ee80000)
 ParOldGen       total 156672K, used 26708K [0x0000000689a00000, 0x0000000693300000, 0x0000000758900000)
  object space 156672K, 17% used [0x0000000689a00000,0x000000068b415180,0x0000000693300000)
 Metaspace       used 57597K, capacity 59784K, committed 60080K, reserved 1101824K
  class space    used 7578K, capacity 7970K, committed 8064K, reserved 1048576K
Event: 10.151 GC heap after
Heap after GC invocations=12 (full 2):
 PSYoungGen      total 598528K, used 11546K [0x0000000758900000, 0x000000077e980000, 0x00000007c0000000)
  eden space 582144K, 0% used [0x0000000758900000,0x0000000758900000,0x000000077c180000)
  from space 16384K, 70% used [0x000000077d980000,0x000000077e4c6930,0x000000077e980000)
  to   space 20480K, 0% used [0x000000077c180000,0x000000077c180000,0x000000077d580000)
 ParOldGen       total 156672K, used 31363K [0x0000000689a00000, 0x0000000693300000, 0x0000000758900000)
  object space 156672K, 20% used [0x0000000689a00000,0x000000068b8a0e98,0x0000000693300000)
 Metaspace       used 57597K, capacity 59784K, committed 60080K, reserved 1101824K
  class space    used 7578K, capacity 7970K, committed 8064K, reserved 1048576K
}
Event: 10.151 GC heap before
{Heap before GC invocations=13 (full 3):
 PSYoungGen      total 598528K, used 11546K [0x0000000758900000, 0x000000077e980000, 0x00000007c0000000)
  eden space 582144K, 0% used [0x0000000758900000,0x0000000758900000,0x000000077c180000)
  from space 16384K, 70% used [0x000000077d980000,0x000000077e4c6930,0x000000077e980000)
  to   space 20480K, 0% used [0x000000077c180000,0x000000077c180000,0x000000077d580000)
 ParOldGen       total 156672K, used 31363K [0x0000000689a00000, 0x0000000693300000, 0x0000000758900000)
  object space 156672K, 20% used [0x0000000689a00000,0x000000068b8a0e98,0x0000000693300000)
 Metaspace       used 57597K, capacity 59784K, committed 60080K, reserved 1101824K
  class space    used 7578K, capacity 7970K, committed 8064K, reserved 1048576K
Event: 10.267 GC heap after
Heap after GC invocations=13 (full 3):
 PSYoungGen      total 598528K, used 0K [0x0000000758900000, 0x000000077e980000, 0x00000007c0000000)
  eden space 582144K, 0% used [0x0000000758900000,0x0000000758900000,0x000000077c180000)
  from space 16384K, 0% used [0x000000077d980000,0x000000077d980000,0x000000077e980000)
  to   space 20480K, 0% used [0x000000077c180000,0x000000077c180000,0x000000077d580000)
 ParOldGen       total 202752K, used 30021K [0x0000000689a00000, 0x0000000696000000, 0x0000000758900000)
  object space 202752K, 14% used [0x0000000689a00000,0x000000068b7516f0,0x0000000696000000)
 Metaspace       used 57597K, capacity 59784K, committed 60080K, reserved 1101824K
  class space    used 7578K, capacity 7970K, committed 8064K, reserved 1048576K
}
Event: 16.248 GC heap before
{Heap before GC invocations=14 (full 3):
 PSYoungGen      total 598528K, used 582144K [0x0000000758900000, 0x000000077e980000, 0x00000007c0000000)
  eden space 582144K, 100% used [0x0000000758900000,0x000000077c180000,0x000000077c180000)
  from space 16384K, 0% used [0x000000077d980000,0x000000077d980000,0x000000077e980000)
  to   space 20480K, 0% used [0x000000077c180000,0x000000077c180000,0x000000077d580000)
 ParOldGen       total 202752K, used 30021K [0x0000000689a00000, 0x0000000696000000, 0x0000000758900000)
  object space 202752K, 14% used [0x0000000689a00000,0x000000068b7516f0,0x0000000696000000)
 Metaspace       used 76201K, capacity 78666K, committed 79184K, reserved 1118208K
  class space    used 10357K, capacity 10817K, committed 10880K, reserved 1048576K
Event: 16.276 GC heap after
Heap after GC invocations=14 (full 3):
 PSYoungGen      total 602624K, used 20459K [0x0000000758900000, 0x0000000789b80000, 0x00000007c0000000)
  eden space 582144K, 0% used [0x0000000758900000,0x0000000758900000,0x000000077c180000)
  from space 20480K, 99% used [0x000000077c180000,0x000000077d57acc8,0x000000077d580000)
  to   space 24576K, 0% used [0x0000000788380000,0x0000000788380000,0x0000000789b80000)
 ParOldGen       total 202752K, used 34190K [0x0000000689a00000, 0x0000000696000000, 0x0000000758900000)
  object space 202752K, 16% used [0x0000000689a00000,0x000000068bb63830,0x0000000696000000)
 Metaspace       used 76201K, capacity 78666K, committed 79184K, reserved 1118208K
  class space    used 10357K, capacity 10817K, committed 10880K, reserved 1048576K
}
Event: 19.456 GC heap before
{Heap before GC invocations=15 (full 3):
 PSYoungGen      total 602624K, used 602603K [0x0000000758900000, 0x0000000789b80000, 0x00000007c0000000)
  eden space 582144K, 100% used [0x0000000758900000,0x000000077c180000,0x000000077c180000)
  from space 20480K, 99% used [0x000000077c180000,0x000000077d57acc8,0x000000077d580000)
  to   space 24576K, 0% used [0x0000000788380000,0x0000000788380000,0x0000000789b80000)
 ParOldGen       total 202752K, used 35086K [0x0000000689a00000, 0x0000000696000000, 0x0000000758900000)
  object space 202752K, 17% used [0x0000000689a00000,0x000000068bc43b88,0x0000000696000000)
 Metaspace       used 82913K, capacity 86482K, committed 86608K, reserved 1124352K
  class space    used 11223K, capacity 11831K, committed 11904K, reserved 1048576K
Event: 19.503 GC heap after
Heap after GC invocations=15 (full 3):
 PSYoungGen      total 768512K, used 24561K [0x0000000758900000, 0x000000078aa80000, 0x00000007c0000000)
  eden space 743936K, 0% used [0x0000000758900000,0x0000000758900000,0x0000000785f80000)
  from space 24576K, 99% used [0x0000000788380000,0x0000000789b7c460,0x0000000789b80000)
  to   space 36864K, 0% used [0x0000000785f80000,0x0000000785f80000,0x0000000788380000)
 ParOldGen       total 202752K, used 58210K [0x0000000689a00000, 0x0000000696000000, 0x0000000758900000)
  object space 202752K, 28% used [0x0000000689a00000,0x000000068d2d8a78,0x0000000696000000)
 Metaspace       used 82913K, capacity 86482K, committed 86608K, reserved 1124352K
  class space    used 11223K, capacity 11831K, committed 11904K, reserved 1048576K
}
Event: 24.287 GC heap before
{Heap before GC invocations=16 (full 3):
 PSYoungGen      total 768512K, used 768497K [0x0000000758900000, 0x000000078aa80000, 0x00000007c0000000)
  eden space 743936K, 100% used [0x0000000758900000,0x0000000785f80000,0x0000000785f80000)
  from space 24576K, 99% used [0x0000000788380000,0x0000000789b7c460,0x0000000789b80000)
  to   space 36864K, 0% used [0x0000000785f80000,0x0000000785f80000,0x0000000788380000)
 ParOldGen       total 202752K, used 58214K [0x0000000689a00000, 0x0000000696000000, 0x0000000758900000)
  object space 202752K, 28% used [0x0000000689a00000,0x000000068d2d98d0,0x0000000696000000)
 Metaspace       used 89031K, capacity 92898K, committed 93136K, reserved 1130496K
  class space    used 12016K, capacity 12682K, committed 12800K, reserved 1048576K
Event: 24.322 GC heap after
Heap after GC invocations=16 (full 3):
 PSYoungGen      total 780800K, used 24344K [0x0000000758900000, 0x0000000796380000, 0x00000007c0000000)
  eden space 743936K, 0% used [0x0000000758900000,0x0000000758900000,0x0000000785f80000)
  from space 36864K, 66% used [0x0000000785f80000,0x0000000787746360,0x0000000788380000)
  to   space 37888K, 0% used [0x0000000793e80000,0x0000000793e80000,0x0000000796380000)
 ParOldGen       total 202752K, used 78706K [0x0000000689a00000, 0x0000000696000000, 0x0000000758900000)
  object space 202752K, 38% used [0x0000000689a00000,0x000000068e6dc960,0x0000000696000000)
 Metaspace       used 89031K, capacity 92898K, committed 93136K, reserved 1130496K
  class space    used 12016K, capacity 12682K, committed 12800K, reserved 1048576K
}

